<?xml version="1.0" encoding="UTF-8"?>
<!-- Generated by org.testng.reporters.JUnitReportReporter -->
<testsuite hostname="DESKTOP-DDHH58G" failures="0" tests="1" name="TestNGCucumberRunner" time="16.648" errors="0" timestamp="2023-06-11T17:00:24 BST" skipped="0">
  <testcase classname="TestNGCucumberRunner" name="runScenario" time="16.648"/>
</testsuite> <!-- TestNGCucumberRunner -->
